<?xml version="1.0" encoding="UTF-8"?>
<!-- Generated by org.testng.reporters.JUnitXMLReporter -->
<testsuite ignored="0" hostname="Kamboyis-MacBook-Pro.local" failures="0" tests="3" name="Test" time="34.558" errors="0" timestamp="2022-03-29T23:31:10 BST">
  <testcase classname="com.demoProj.TestClass" name="test1" time="1.808"/>
  <testcase classname="com.demoProj.TestClass" name="test2" time="1.733"/>
  <testcase classname="com.demoProj.TestClass" name="test3" time="1.63"/>
</testsuite> <!-- Test -->
