<?xml version="1.0" encoding="UTF-8"?>
<!-- Generated by org.testng.reporters.JUnitXMLReporter -->
<testsuite ignored="0" hostname="Kamboyis-MacBook-Pro.local" failures="0" tests="3" name="Test" time="32.666" errors="0" timestamp="2022-03-29T23:32:07 BST">
  <testcase classname="com.demoProj.TestClass" name="test1" time="1.64"/>
  <testcase classname="com.demoProj.TestClass" name="test2" time="1.714"/>
  <testcase classname="com.demoProj.TestClass" name="test3" time="1.682"/>
</testsuite> <!-- Test -->
