<?xml version="1.0" encoding="UTF-8"?>
<testng-results ignored="0" total="3" passed="3" failed="0" skipped="0">
  <reporter-output>
  </reporter-output>
  <suite started-at="2022-03-29T23:31:35 BST" name="Suite" finished-at="2022-03-29T23:32:07 BST" duration-ms="32666">
    <groups>
    </groups>
    <test started-at="2022-03-29T23:31:35 BST" name="Test" finished-at="2022-03-29T23:32:07 BST" duration-ms="32666">
      <class name="com.demoProj.TestClass">
        <test-method is-config="true" signature="launchDriver()[pri:0, instance:com.demoProj.TestClass@2d9d4f9d]" started-at="2022-03-29T23:31:35 BST" name="launchDriver" finished-at="2022-03-29T23:31:44 BST" duration-ms="9831" status="PASS">
          <reporter-output>
          </reporter-output>
        </test-method> <!-- launchDriver -->
        <test-method signature="test1()[pri:0, instance:com.demoProj.TestClass@2d9d4f9d]" started-at="2022-03-29T23:31:44 BST" name="test1" finished-at="2022-03-29T23:31:46 BST" duration-ms="1640" status="PASS">
          <reporter-output>
          </reporter-output>
        </test-method> <!-- test1 -->
        <test-method is-config="true" signature="TearDown()[pri:0, instance:com.demoProj.TestClass@2d9d4f9d]" started-at="2022-03-29T23:31:46 BST" name="TearDown" finished-at="2022-03-29T23:31:47 BST" duration-ms="1262" status="PASS">
          <reporter-output>
          </reporter-output>
        </test-method> <!-- TearDown -->
        <test-method is-config="true" signature="launchDriver()[pri:0, instance:com.demoProj.TestClass@2d9d4f9d]" started-at="2022-03-29T23:31:47 BST" name="launchDriver" finished-at="2022-03-29T23:31:57 BST" duration-ms="10008" status="PASS">
          <reporter-output>
          </reporter-output>
        </test-method> <!-- launchDriver -->
        <test-method signature="test2()[pri:0, instance:com.demoProj.TestClass@2d9d4f9d]" started-at="2022-03-29T23:31:57 BST" name="test2" finished-at="2022-03-29T23:31:59 BST" duration-ms="1714" status="PASS">
          <reporter-output>
          </reporter-output>
        </test-method> <!-- test2 -->
        <test-method is-config="true" signature="TearDown()[pri:0, instance:com.demoProj.TestClass@2d9d4f9d]" started-at="2022-03-29T23:31:59 BST" name="TearDown" finished-at="2022-03-29T23:31:59 BST" duration-ms="107" status="PASS">
          <reporter-output>
          </reporter-output>
        </test-method> <!-- TearDown -->
        <test-method is-config="true" signature="launchDriver()[pri:0, instance:com.demoProj.TestClass@2d9d4f9d]" started-at="2022-03-29T23:31:59 BST" name="launchDriver" finished-at="2022-03-29T23:32:05 BST" duration-ms="6274" status="PASS">
          <reporter-output>
          </reporter-output>
        </test-method> <!-- launchDriver -->
        <test-method signature="test3()[pri:0, instance:com.demoProj.TestClass@2d9d4f9d]" started-at="2022-03-29T23:32:05 BST" name="test3" finished-at="2022-03-29T23:32:07 BST" duration-ms="1682" status="PASS">
          <reporter-output>
          </reporter-output>
        </test-method> <!-- test3 -->
        <test-method is-config="true" signature="TearDown()[pri:0, instance:com.demoProj.TestClass@2d9d4f9d]" started-at="2022-03-29T23:32:07 BST" name="TearDown" finished-at="2022-03-29T23:32:07 BST" duration-ms="107" status="PASS">
          <reporter-output>
          </reporter-output>
        </test-method> <!-- TearDown -->
      </class> <!-- com.demoProj.TestClass -->
    </test> <!-- Test -->
  </suite> <!-- Suite -->
</testng-results>
