<?xml version="1.0" encoding="UTF-8"?>
<testng-results ignored="0" total="3" passed="3" failed="0" skipped="0">
  <reporter-output>
  </reporter-output>
  <suite started-at="2022-03-29T23:30:36 BST" name="Suite" finished-at="2022-03-29T23:31:10 BST" duration-ms="34558">
    <groups>
    </groups>
    <test started-at="2022-03-29T23:30:36 BST" name="Test" finished-at="2022-03-29T23:31:10 BST" duration-ms="34558">
      <class name="com.demoProj.TestClass">
        <test-method is-config="true" signature="launchDriver()[pri:0, instance:com.demoProj.TestClass@5e82df6a]" started-at="2022-03-29T23:30:36 BST" name="launchDriver" finished-at="2022-03-29T23:30:50 BST" duration-ms="13792" status="PASS">
          <reporter-output>
          </reporter-output>
        </test-method> <!-- launchDriver -->
        <test-method signature="test1()[pri:0, instance:com.demoProj.TestClass@5e82df6a]" started-at="2022-03-29T23:30:50 BST" name="test1" finished-at="2022-03-29T23:30:52 BST" duration-ms="1808" status="PASS">
          <reporter-output>
          </reporter-output>
        </test-method> <!-- test1 -->
        <test-method is-config="true" signature="TearDown()[pri:0, instance:com.demoProj.TestClass@5e82df6a]" started-at="2022-03-29T23:30:52 BST" name="TearDown" finished-at="2022-03-29T23:30:52 BST" duration-ms="147" status="PASS">
          <reporter-output>
          </reporter-output>
        </test-method> <!-- TearDown -->
        <test-method is-config="true" signature="launchDriver()[pri:0, instance:com.demoProj.TestClass@5e82df6a]" started-at="2022-03-29T23:30:52 BST" name="launchDriver" finished-at="2022-03-29T23:31:00 BST" duration-ms="7789" status="PASS">
          <reporter-output>
          </reporter-output>
        </test-method> <!-- launchDriver -->
        <test-method signature="test2()[pri:0, instance:com.demoProj.TestClass@5e82df6a]" started-at="2022-03-29T23:31:00 BST" name="test2" finished-at="2022-03-29T23:31:01 BST" duration-ms="1733" status="PASS">
          <reporter-output>
          </reporter-output>
        </test-method> <!-- test2 -->
        <test-method is-config="true" signature="TearDown()[pri:0, instance:com.demoProj.TestClass@5e82df6a]" started-at="2022-03-29T23:31:01 BST" name="TearDown" finished-at="2022-03-29T23:31:01 BST" duration-ms="123" status="PASS">
          <reporter-output>
          </reporter-output>
        </test-method> <!-- TearDown -->
        <test-method is-config="true" signature="launchDriver()[pri:0, instance:com.demoProj.TestClass@5e82df6a]" started-at="2022-03-29T23:31:01 BST" name="launchDriver" finished-at="2022-03-29T23:31:09 BST" duration-ms="7368" status="PASS">
          <reporter-output>
          </reporter-output>
        </test-method> <!-- launchDriver -->
        <test-method signature="test3()[pri:0, instance:com.demoProj.TestClass@5e82df6a]" started-at="2022-03-29T23:31:09 BST" name="test3" finished-at="2022-03-29T23:31:10 BST" duration-ms="1630" status="PASS">
          <reporter-output>
          </reporter-output>
        </test-method> <!-- test3 -->
        <test-method is-config="true" signature="TearDown()[pri:0, instance:com.demoProj.TestClass@5e82df6a]" started-at="2022-03-29T23:31:10 BST" name="TearDown" finished-at="2022-03-29T23:31:10 BST" duration-ms="108" status="PASS">
          <reporter-output>
          </reporter-output>
        </test-method> <!-- TearDown -->
      </class> <!-- com.demoProj.TestClass -->
    </test> <!-- Test -->
  </suite> <!-- Suite -->
</testng-results>
